1541208747166:rd
1541208784228:help
1541208813583:exit
1541208974114:r
1541209023057:r --args "schedule=7 duration=2"
1541209032060:stacktrace
1541209223351:r
1541209280287:r --args "schedul=7 duration=2"
1541209293872:r --args schedul=7 duration=2
1541209368311:r
1541209764886:r schedule=7
1541209800087:r schedule=9 duration=2
1541209837834:r "schedule=9 duration=2"
1541209851634:stacktrace
1541210048706:s
1541210053103:s hi
1541210059360:s "hi mom"
1541210066256:s hi mom
1541210208739:s "schedule=7 duration=2"
1541210467493:s
1541210487900:s "schedule=7     , duration  = 2"
1541210830884:r
1541210849224:help
1541210855259:history
1541210877118:r "schedule=7 duration=2"
1541210916467:r "schedule=9duration=3"
1541210938062:r "schedule=9, duration=3"
1541210970159:r "schedule=9, duration=3, schdule=5 duration=1"
1541211026288:r "schedule=9, duration=3, schedule=5 duration=1"
1541211046516:r "schedule=9, duration=3, schedule=5, duration=1"
1541211083275:r "schedule=9, duration=3, schedule=5, duration=4"
1541211298715:help
1541211304807:help script
1541211320506:help
1541211327607:help history
1541214014755:r
1541214050558:r "s=5,d=2"
1541214091291:r "schedule=1,4,240 duration=1"
1541214103566:stacktrace
1541214316334:h
1541214338645:r ""
1541214402319:r "s=7,d=1,s=5,d=2,4,480"
1541215142219:r "s=7,d=1"
1541215158763:r "s=7;d=1"
1541215267004:r "s=7;d=1;s=5;d=2,4,480"
1541215318670:exit
1541215688218:r
1541215712035:r "s=7;d=1"
1541215716901:close
1541215848484:r
1541216145736:help
1541216151755:help script
1541216163974:script everyhour.txt
1541216264168:script /Users/stevesouza/gitrepo/periodicity/everyhour.txt
1541216390801:script everyhour.txt
1541216411739:stacktrace
1541216461404:c
1541216479889:r
1541216490828:script everyhour.txt
1541216501719:c
1541216552718:script everyhour.txt
1541217022732:close
1541217338917:script neighbors.txt
1541217390707:stacktrace
1541217399283:clear
1541217419147:r "s=8;d=1;s=9;d=1"
1541217453204:r "s=9;d=1"
1541217509858:r "s=8;d=1;s=11;d=1"
1541217787522:c
1541217810987:history
1541217819241:r "s=8;d=1;s=11;d=1"
1541217870556:c
1541217890422:r "s=8;d=1;s=11;d=1"
1541218280426:r "schedule=5,9,7800;duration=1"
1541218694670:r "s=7;d=1"
1541218705734:r "s=9;d=1"
1541218716752:r "s=9;d=4"
1541218739317:r "s=7;d=1;s=9;d=1"
1541218869047:c
1541218893553:r "s=7;d=1;s=9;d=1"
1541218920102:r "s=7;d=1;s=9;d=4"
1541218940377:r "s=7;d=2;s=9;d=4"
1541218977506:r "s=7;d=1;s=9;d=1;s=11;d1"
1541218985630:r "s=7;d=1;s=9;d=1;s=11;d=1"
1541219003150:r "s=7;d=1;s=9;d=1;s=11;d=1;s=15;d=2"
1541219076596:r "s=7;d=1;s=9;d=1"
1541219080865:c
1541219099082:r "s=7;d=1;s=9;d=1"
1541219132131:c
1541219145628:r "s=7;d=1;s=9;d=1"
1541219820992:close
1541219838639:r "s=7;d=1;s=9;d=1"
1541220090896:close
1541220105294:r "s=7;d=1;s=9;d=1"
1541220120267:close
1541220248816:r "s=7;d=1;s=9;d=1"
1541220399300:c
1541220420563:r "s=7;d=1;s=9;d=1"
1541220442467:r "s=11;d=1;s=9;d=1"
1541220460716:r "s=11;d=1;s=9;d=1,s=17;d=1"
1541220467655:r "s=11;d=1;s=9;d=1;s=17;d=1"
1541220488044:r "s=11;d=1;s=9;d=1;s=17;d=1,55,120"
1541220503241:r "s=11;d=1;s=9;d=1;s=17;d=1,55,4800"
1541220512581:r "s=11;d=1;s=9;d=1;s=17;d=1,55,6800"
1541220528149:r "s=11;d=1;s=9;d=1;s=17;d=1,17,6800"
1541220537133:r "s=11;d=1;s=9;d=1;s=17;d=1,5,6800"
1541220563205:r "s=11;d=1;s=7;d=1"
1541220576842:c
1541220730749:script neighbors.txt
1541221137080:close
1541250623989:r
1541250627713:l
1541250632259:r
1541250633662:l
1541250659625:history
1541250666571:r "s=11;d=1;s=9;d=1;s=17;d=1,5,6800"
1541250670517:l
1541251200103:r
1541251203899:l
1541251904359:r
1541251908965:history
1541251923165:r "s=11;d=1;s=9;d=1;s=17;d=1,5,6800"
1541251933293:l
1541251942338:open 2
1541251960071:open 1
1541253245985:r
1541253248817:history
1541253258392:r "s=11;d=1;s=9;d=1;s=17;d=1,5,6800"
1541253275340:r "s=7;d=1"
1541253305061:c
1541253313214:c 5
1541253407574:r
1541253440085:c
1541253443143:c 3
1541253605557:history
1541253615582:r "s=7;d=1"
1541253625175:r "s=13;d=1"
1541253631866:c xx
1541253651625:r "s=7;d=1;s=13;d=1"
1541253967701:history
1541253979491:r "s=7;d=1"
1541253987215:r "s=13;d=1"
1541253995080:r "s=17;d=1"
1541253998518:l
1541254002893:help
1541254020213:c 1,2,3
1541254100150:r
1541254106651:history
1541254131688:stacktrace
1541254145581:history
1541254161485:l
1541254165897:r "s=17;d=1"
1541254174527:c 1,2
1541254290984:r
1541254295020:history
1541254300217:r "s=17;d=1"
1541254306017:c 1,2
1541254377039:r
1541254379824:history
1541254392925:r "s=17;d=1"
1541254398580:c 1,2
1541254433126:r "s=7;d=1;s=17;d=1"
1541254450591:r "s=7;d=1;s=17;d=2"
1541254473486:r "s=7;d=1;s=17;d=5"
1541254493217:r "s=7;d=1;s=17;d=10"
1541254544572:r
1541254547859:history
1541254559941:r "s=17;d=1"
1541254565599:c 1,2
1541255411721:script everyhour.txt
1541255433230:reset
1541255453806:list
1541255476364:history
1541255566997:script everyhour.txt
1541255571816:l
1541255577185:reset
1541255579410:l
1541256280464:r "s=5.95;d=1"
1541256426537:shell:>r "schedule=4,23,7800;duration=1,4,1200"
1541256441222:r "schedule=4,23,7800;duration=1,4,1200"
1541256459473:r "schedule=4,23,7800;duration=1"
1541256476884:r "schedule=7;duration=1,4,1200"
1541256492110:r "schedule=7;duration=1,4,200"
1541256497128:r "schedule=7;duration=1,4,2000"
1541256508760:r "schedule=7;duration=1,15,2000"
1541256523375:r "schedule=7;duration=1,7,2000"
1541256706323:r "schedule=9;duration=1;schedule=10;duration=1;schedule=4;duration=1;schedule=5;duration=1"
1541261383485:script oddneighbors.txt
1541262321685:open oddnieghbors.txt
1541262335214:script oddneighbors.txt
1541262371803:l
1541263852283:ephelp
1541263858387:help
1541263876921:close
1541263882323:l
1541263906866:help
1541263938707:script interesting.txt
1541263955912:r
1541263967716:c 1,2
1541263969546:l
1541263988790:oa
1541264035244:rs
1541264038242:r
1541264047823:ca
1541264049395:l
1541264052698:r
1541264055457:l
1541264133556:h
1541264143798:r "schedule=7;duration=1;schedule=5;duration=2,4,480"
1541264186413:r "schedule=7;duration=1;schedule=5,7,4800;duration=2,4,480"
1541264201192:r "schedule=5,7,4800;duration=2,4,480"
1541264210674:r "schedule=5,7,4800;duration=2,4,4800"
1541264223805:r "schedule=5;duration=2,4,4800"
1541264248554:r "schedule=2,5,4800;duration=2,4,4800"
1541264285923:r "schedule=2,5,4800;duration=1"
1541264306158:r "schedule=2,5,240;duration=1"
1541264316937:r "schedule=2,5,480;duration=1"
1541264326748:r "schedule=2,5,960;duration=1"
1541264372803:r "schedule=2,5,1200;duration=1"
1541264376035:r "schedule=2,5,1200;duration=3"
1541264381086:reset
1541264383844:l
1541264387826:r "schedule=2,5,1200;duration=3"
1541264391672:r "schedule=2,5,480;duration=1"
1541264395115:help
1541264407475:rs
1541264411120:r "schedule=2,5,480;duration=1"
1541264927702:r
1541264935233:l
1541264949077:oa
1541265161561:r
1541265178861:oa
1541265439409:r
1541265462375:s
1541265493152:r
1541265510806:s
1541265525262:r
1541265813132:script interesting.txt
1541265825233:l
1541265837410:rs
1541265838584:l
1541265845741:h
1541265853224:help
1541265876905:reset
1541266294270:history
1541266307595:r "schedule=2,5,240;duration=1"
1541266359082:r "schedule=2,23,240;duration=1"
1541266371062:r "schedule=2,23,2400;duration=1"
1541266380717:r "schedule=2,23,4800;duration=1"
1541266398231:r "schedule=2,23,96000;duration=1"
1541266437645:r "schedule=2,23,9600;duration=1"
1541266460253:r "schedule=1,24,9600;duration=1"
1541266465289:r "schedule=2,24,9600;duration=1"
1541266473828:r "schedule=2,24,9600;duration=2"
1541266477032:r "schedule=2,24,9600;duration=6"
1541266483612:r "schedule=2,24,9600;duration=8"
1541266554506:r "schedule=7;duration=1,7,9600"
1541266592507:r "schedule=7,9,9600;duration=1,7,9600"
1541266638040:list
1541266671363:c 8,9,4
1541266687442:c 1,2,3,4,5,6,7,8,9,10
1541266702777:c 5,6
1541266768760:l
1541266776654:r
1541266778107:l
1541266934936:r "s=4.5;d=1"
1541266944898:r "s=4;d=1"
1541266950938:r "s=5;d=1"
1541266975756:r "s=5;d=1;s=4.5;d=1"
1541267015853:r "s=5;d=1"
1541267018092:l
1541267037863:c 20,21
1541267049351:l
1541267086093:r "s=5.5;d=1;s=4.5;d=1"
1541267093397:r "s=5.5;d=1;s=4.75;d=1"
1541267103961:r "s=5.5;d=1;s=4.75;d=1.5"
1541267133493:r "s=5.5;d=1;s=4.75;d=1;s=3.5;d=1;s=9.75;d=1"
1541267266480:r "s=7.25;d=1;s=11.5;d=3.8"
1541267319636:r "s=7.25;d=1;s=11.5,17,4800;d=1"
1541267356367:l
1541267365674:help
1541267381238:open 1
1541267383166:l
1541267396619:open 2
1541267398912:l
1541267577336:r "s=3;d=1;s=5;d=1;s=7;d=1;s=9;d=1;s=11;d=1;s=13;d=1;s=15;d=1;s=17;d=1;s=19;d=1;s=21;d=1;s=23;d=1"\nhelp
1541267592942:fh
1541267595381:help
1541267601847:rs
1541267633915:r "s=3;d=1;s=5;d=1;s=7;d=1;s=9;d=1;s=11;d=1;s=13;d=1;s=15;d=1;s=17;d=1;s=19;d=1;s=21;d=1;s=23;d=1"\ns
1541267639208:s
1541267668417:r "s=3;d=1;s=5;d=1;s=7;d=1;s=9;d=1;s=11;d=1;s=13;d=1;s=15;d=1;s=17;d=1;s=19;d=1;s=21;d=1;s=23;d=1"
1541267692136:r "s=5;d=1;s=7;d=1;s=9;d=1;s=11;d=1;s=13;d=1;s=15;d=1;s=17;d=1;s=19;d=1;s=21;d=1;s=23;d=1"
1541267830891:r "s=14;d=1;s=16;d=1;s=18;d=1;s=20;d=1;s=22"
1541267885552:r "s=5;d=1;s=7;d=1;s=9;d=1;s=11;d=1;s=13;d=1;s=15;d=1;s=17;d=1;s=19;d=1;s=21;d=1;s=23;d=1;s=14;d=1;s=16;d=1;s=18;d=1;s=20;d=1;s=22"
1541267907274:l
1541267962580:s
1541268172862:r
1541268191427:r s=7;d=1
1541268205425:r s=7;d=1;s=13=d=1
1541268215048:r "s=7;d=1;s=13=d=1"
1541268247133:script interesting.txt
1541268281105:r "s=7;d=1;s=13;d=1"
1541268289808:help
1541268302680:ca
1541268314071:s
